Arguments: 
  /Users/alex.brown/.nvm/versions/node/v10.15.3/bin/node /Users/alex.brown/.nvm/versions/node/v10.15.3/bin/yarn

PATH: 
  /Users/alex.brown/.nvm/versions/node/v10.15.3/bin:/Users/alex.brown/bin:/usr/local/bin:/Users/alex.brown/Downloads/sonar-scanner-3.3.0.1492-macosx/bin:/usr/local/bin:/usr/bin:/bin:/usr/sbin:/sbin

Yarn version: 
  1.15.2

Node version: 
  10.15.3

Platform: 
  darwin x64

Trace: 
  SyntaxError: /Users/alex.brown/development/functional-samples/package.json: Unexpected token } in JSON at position 2054
      at JSON.parse (<anonymous>)
      at /Users/alex.brown/.nvm/versions/node/v10.15.3/lib/node_modules/yarn/lib/cli.js:1625:59
      at Generator.next (<anonymous>)
      at step (/Users/alex.brown/.nvm/versions/node/v10.15.3/lib/node_modules/yarn/lib/cli.js:304:30)
      at /Users/alex.brown/.nvm/versions/node/v10.15.3/lib/node_modules/yarn/lib/cli.js:315:13

npm manifest: 
  {
    "name": "functional-samples",
    "version": "1.0.0",
    "description": "Simple collection of how to implement basic functional programming.",
    "main": "index.js",
    "repository": "git@github.com:alexbrownphotobox/javascript_functional_deck.git",
    "author": "Alex Brown <alex.brown@photobox.com>",
    "license": "MIT",
    "scripts": {
      "build": "yarn clean:build && babel src --ignore src/**/__tests__ --out-dir dist --extensions '.ts,.tsx'",
      "clean:build": "rm -rf dist",
      "coverage": "jest --coverage",
      "prepublishOnly": "yarn build",
      "start": "babel-node --extensions '.ts,.tsx' index.ts",
      "test": "jest",
      "test:watch": "jest -o --watch",
      "typecheck": "tsc"
    },
    "jest": {
      "setupFiles": [
        "./jest.setup.js"
      ],
      "moduleDirectories": [
        "./node_modules",
        "./src"
      ],
      "moduleFileExtensions": [
        "ts",
        "tsx",
        "js",
        "jsx"
      ],
      "transform": {
        "^.+\\.(js|jsx|ts|tsx)$": "babel-jest"
      }
    },
    "resolutions": {
      "babel-core": "^7.0.0-bridge.0"
    },
    "devDependencies": {
      "@babel/cli": "^7.0.0",
      "@babel/core": "^7.0.0",
      "@babel/node": "^7.0.0",
      "@babel/plugin-proposal-class-properties": "^7.0.0",
      "@babel/plugin-proposal-json-strings": "^7.0.0",
      "@babel/plugin-syntax-dynamic-import": "^7.0.0",
      "@babel/plugin-syntax-import-meta": "^7.0.0",
      "@babel/preset-env": "^7.0.0",
      "@babel/preset-react": "^7.0.0",
      "@babel/preset-typescript": "^7.0.0",
      "@babel/register": "^7.0.0",
      "@types/jest": "^21.1.8",
      "@types/react": "^16.0.25",
      "@types/react-dom": "^16.0.3",
      "babel-core": "^7.0.0-bridge.0",
      "babel-jest": "^22.4.4",
      "babel-plugin-module-resolver": "^3.0.0",
      "enzyme": "^3.2.0",
      "enzyme-adapter-react-16": "^1.1.0",
      "jest": "21.3.0-beta.9",
      "nodemon": "^1.12.1",
      "tslint": "^5.8.0",
      "tslint-config-standard": "^7.0.0",
      "tslint-react": "^3.2.0",
      "typescript": "^2.6.1"
    },
    "dependencies": {
      "react": "^16.1.1",
      "react-dom": "^16.1.1"
    }
  }
  }

yarn manifest: 
  No manifest

Lockfile: 
  # THIS IS AN AUTOGENERATED FILE. DO NOT EDIT THIS FILE DIRECTLY.
  # yarn lockfile v1
  
  
  babel@^6.23.0:
    version "6.23.0"
    resolved "https://registry.yarnpkg.com/babel/-/babel-6.23.0.tgz#d0d1e7d803e974765beea3232d4e153c0efb90f4"
    integrity sha1-0NHn2APpdHZb7qMjLU4VPA77kPQ=
